<?xml version="1.0" encoding="UTF-8"?>
<!-- Generated by org.testng.reporters.JUnitReportReporter -->
<testsuite hostname="LAPTOP-ONN5GLAC" failures="0" tests="1" name="mavenforjenkins.UITest" time="3.966" errors="0" timestamp="2024-12-26T22:44:13 IST" skipped="0">
  <testcase classname="mavenforjenkins.UITest" name="setup" time="3.966"/>
  <system-out/>
</testsuite> <!-- mavenforjenkins.UITest -->
