<?xml version="1.0" encoding="UTF-8"?>
<!-- Generated by org.testng.reporters.JUnitReportReporter -->
<testsuite hostname="LAPTOP-ONN5GLAC" failures="0" tests="1" name="mavenforjenkins.UITest" time="4.859" errors="0" timestamp="2024-12-27T07:11:34 IST" skipped="0">
  <testcase classname="mavenforjenkins.UITest" name="setup" time="4.859"/>
  <system-out/>
</testsuite> <!-- mavenforjenkins.UITest -->
